<?xml version="1.0" encoding="UTF-8"?>
<!-- Generated by org.testng.reporters.JUnitReportReporter -->
<testsuite hostname="DESKTOP-TM4R4JK" failures="0" tests="3" name="test_case.TC_Login" time="0.000" errors="1" timestamp="25 Mar 2018 03:52:16 GMT" skipped="2">
  <testcase classname="test_case.TC_Login" name="verifyUserCanLoginWithValidData" time="0.000">
    <skipped/>
  </testcase> <!-- verifyUserCanLoginWithValidData -->
  <testcase classname="test_case.TC_Login" name="beforeMethod" time="0.000">
    <error message="
Parameter &#039;APP_URL&#039; is required by BeforeClass on method beforeMethod but has not been marked @Optional or defined
in C:\Users\lequa\AppData\Local\Temp\testng-eclipse-1402084235\testng-customsuite.xml" type="org.testng.TestNGException">
      <![CDATA[org.testng.TestNGException: Parameter 'APP_URL' is required by BeforeClass on method beforeMethod but has not been marked @Optional or definedin C:\Users\lequa\AppData\Local\Temp\testng-eclipse-1402084235\testng-customsuite.xmlat org.testng.internal.Parameters.createParams(Parameters.java:290)at org.testng.internal.Parameters.createParametersForMethod(Parameters.java:359)at org.testng.internal.Parameters.createParameters(Parameters.java:620)at org.testng.internal.Parameters.createConfigurationParameters(Parameters.java:190)at org.testng.internal.Invoker.invokeConfigurations(Invoker.java:209)at org.testng.internal.Invoker.invokeConfigurations(Invoker.java:142)at org.testng.internal.TestMethodWorker.invokeBeforeClassMethods(TestMethodWorker.java:163)at org.testng.internal.TestMethodWorker.run(TestMethodWorker.java:105)at org.testng.TestRunner.privateRun(TestRunner.java:648)at org.testng.TestRunner.run(TestRunner.java:505)at org.testng.SuiteRunner.runTest(SuiteRunner.java:455)at org.testng.SuiteRunner.runSequentially(SuiteRunner.java:450)at org.testng.SuiteRunner.privateRun(SuiteRunner.java:415)at org.testng.SuiteRunner.run(SuiteRunner.java:364)at org.testng.SuiteRunnerWorker.runSuite(SuiteRunnerWorker.java:52)at org.testng.SuiteRunnerWorker.run(SuiteRunnerWorker.java:84)at org.testng.TestNG.runSuitesSequentially(TestNG.java:1187)at org.testng.TestNG.runSuitesLocally(TestNG.java:1116)at org.testng.TestNG.runSuites(TestNG.java:1028)at org.testng.TestNG.run(TestNG.java:996)at org.testng.remote.AbstractRemoteTestNG.run(AbstractRemoteTestNG.java:114)at org.testng.remote.RemoteTestNG.initAndRun(RemoteTestNG.java:251)at org.testng.remote.RemoteTestNG.main(RemoteTestNG.java:77)]]>
    </error>
  </testcase> <!-- beforeMethod -->
  <testcase classname="test_case.TC_Login" name="verifyUserCanLoginWithValidData" time="0.000">
    <skipped/>
  </testcase> <!-- verifyUserCanLoginWithValidData -->
</testsuite> <!-- test_case.TC_Login -->
